<?xml version="1.0" encoding="UTF-8"?>
<!-- Generated by org.testng.reporters.JUnitXMLReporter -->
<testsuite ignored="6" hostname="LTIN194972" failures="0" tests="1" name="Default test" time="0.313" errors="0" timestamp="2024-03-07T16:21:29 IST">
  <testcase classname="TestCases.Baseclass" name="@BeforeTest setup" time="-1.709808688583E9">
    <failure type="org.testng.TestNGException" message="
Parameter &amp;apos;os&amp;apos; is required by BeforeTest on method setup but has not been marked @Optional or defined
in C:\Users\2303925\AppData\Local\Temp\1\testng-eclipse--523012160\testng-customsuite.xml">
      <![CDATA[org.testng.TestNGException: 
Parameter 'os' is required by BeforeTest on method setup but has not been marked @Optional or defined
in C:\Users\2303925\AppData\Local\Temp\1\testng-eclipse--523012160\testng-customsuite.xml
at org.testng.internal.Parameters.createParams(Parameters.java:270)
at org.testng.internal.Parameters.createParametersForMethod(Parameters.java:358)
at org.testng.internal.Parameters.createParameters(Parameters.java:700)
at org.testng.internal.Parameters.createConfigurationParameters(Parameters.java:168)
at org.testng.internal.ConfigInvoker.invokeConfigurations(ConfigInvoker.java:302)
at org.testng.TestRunner.invokeTestConfigurations(TestRunner.java:637)
at org.testng.TestRunner.beforeRun(TestRunner.java:627)
at org.testng.TestRunner.run(TestRunner.java:589)
at org.testng.SuiteRunner.runTest(SuiteRunner.java:377)
at org.testng.SuiteRunner.runSequentially(SuiteRunner.java:371)
at org.testng.SuiteRunner.privateRun(SuiteRunner.java:332)
at org.testng.SuiteRunner.run(SuiteRunner.java:276)
at org.testng.SuiteRunnerWorker.runSuite(SuiteRunnerWorker.java:53)
at org.testng.SuiteRunnerWorker.run(SuiteRunnerWorker.java:96)
at org.testng.TestNG.runSuitesSequentially(TestNG.java:1212)
at org.testng.TestNG.runSuitesLocally(TestNG.java:1134)
at org.testng.TestNG.runSuites(TestNG.java:1063)
at org.testng.TestNG.run(TestNG.java:1031)
at org.testng.remote.AbstractRemoteTestNG.run(AbstractRemoteTestNG.java:115)
at org.testng.remote.RemoteTestNG.initAndRun(RemoteTestNG.java:251)
at org.testng.remote.RemoteTestNG.main(RemoteTestNG.java:77)
]]>
    </failure>
  </testcase> <!-- @BeforeTest setup -->
  <testcase classname="TestCases.Baseclass" name="@AfterTest pageclose" time="-1.70980868886E9">
    <skipped/>
  </testcase> <!-- @AfterTest pageclose -->
  <testcase classname="TestCases.TC2_CarInsurance" name="homePage" time="0.0">
    <skipped/>
  </testcase> <!-- homePage -->
  <testcase classname="TestCases.TC2_CarInsurance" name="carbrand" time="0.0">
    <ignored/>
  </testcase> <!-- carbrand -->
  <testcase classname="TestCases.TC2_CarInsurance" name="cityandrto" time="0.0">
    <ignored/>
  </testcase> <!-- cityandrto -->
  <testcase classname="TestCases.TC2_CarInsurance" name="varient" time="0.0">
    <ignored/>
  </testcase> <!-- varient -->
  <testcase classname="TestCases.TC2_CarInsurance" name="errorMessage" time="0.0">
    <ignored/>
  </testcase> <!-- errorMessage -->
  <testcase classname="TestCases.TC2_CarInsurance" name="carinsurancepage" time="0.0">
    <ignored/>
  </testcase> <!-- carinsurancepage -->
  <testcase classname="TestCases.TC2_CarInsurance" name="gettingquotes" time="0.0">
    <ignored/>
  </testcase> <!-- gettingquotes -->
</testsuite> <!-- Default test -->
